<?xml version="1.0" encoding="UTF-8"?>
<!-- Generated by org.testng.reporters.JUnitReportReporter -->
<testsuite name="com.website.MovieTicketBookingTestCase" tests="1" time="114.435" ignored="0" failures="0" timestamp="02 Mar 2020 10:51:45 GMT" skipped="0" hostname="LAPTOP-5G9L95S0" errors="0">
  <testcase name="checkSeatAvailabilty" time="114.435" classname="com.website.MovieTicketBookingTestCase"/>
</testsuite> <!-- com.website.MovieTicketBookingTestCase -->
