<?xml version="1.0" encoding="UTF-8"?>
<!-- Generated by org.testng.reporters.JUnitReportReporter -->
<testsuite skipped="0" hostname="LAPTOP-5G9L95S0" name="com.test.LoginTest" tests="1" failures="0" timestamp="06 Mar 2020 13:41:41 GMT" time="8.592" errors="0">
  <testcase name="checkErrorMessage1" time="8.592" classname="com.test.LoginTest"/>
</testsuite> <!-- com.test.LoginTest -->
