<?xml version="1.0" encoding="UTF-8"?>
<!-- Generated by org.testng.reporters.JUnitReportReporter -->
<testsuite name="com.website.ticketbook2" tests="2" time="173.094" ignored="0" failures="0" timestamp="25 Feb 2020 08:04:30 GMT" skipped="0" hostname="LAPTOP-5G9L95S0" errors="0">
  <testcase name="checkSeatIsSelected" time="88.480" classname="com.website.ticketbook2"/>
  <testcase name="checkSeatAvalibilty" time="84.614" classname="com.website.ticketbook2"/>
</testsuite> <!-- com.website.ticketbook2 -->
