<?xml version="1.0" encoding="UTF-8"?>
<!-- Generated by org.testng.reporters.JUnitReportReporter -->
<testsuite name="com.website.SearchFunctinality" tests="1" time="40.038" ignored="0" failures="0" timestamp="23 Feb 2020 12:28:19 GMT" skipped="0" hostname="LAPTOP-5G9L95S0" errors="0">
  <testcase name="checkSearchFunctionality" time="40.038" classname="com.website.SearchFunctinality"/>
</testsuite> <!-- com.website.SearchFunctinality -->
